<?xml version="1.0" encoding="UTF-8"?>
<!-- Generated by org.testng.reporters.JUnitReportReporter -->
<testsuite hostname="LPWLL14067" failures="0" tests="5" name="LoginExcelTestNG.ExcelLoginTestNG" time="35.768" errors="0" timestamp="2022-08-01T18:41:45 BDT" skipped="0">
  <testcase classname="LoginExcelTestNG.ExcelLoginTestNG" name="getCellData" time="3.043"/>
  <system-out/>
  <testcase classname="LoginExcelTestNG.ExcelLoginTestNG" name="inValidLogin" time="13.112"/>
  <system-out/>
  <testcase classname="LoginExcelTestNG.ExcelLoginTestNG" name="verifyLogin" time="3.043"/>
  <system-out/>
  <testcase classname="LoginExcelTestNG.ExcelLoginTestNG" name="validLogin" time="16.126"/>
  <system-out/>
  <testcase classname="LoginExcelTestNG.ExcelLoginTestNG" name="getRowCount" time="0.444"/>
  <system-out/>
</testsuite> <!-- LoginExcelTestNG.ExcelLoginTestNG -->
