<?xml version="1.0" encoding="UTF-8"?>
<!-- Generated by org.testng.reporters.JUnitReportReporter -->
<testsuite hostname="LPWLL14067" failures="0" tests="1" name="Rk.TestNGPackage.LoginDemoTestNG" time="8.996" errors="0" timestamp="2022-07-27T19:22:06 BDT" skipped="0">
  <testcase classname="Rk.TestNGPackage.LoginDemoTestNG" name="test1" time="8.996"/>
  <system-out/>
</testsuite> <!-- Rk.TestNGPackage.LoginDemoTestNG -->
