<?xml version="1.0" encoding="UTF-8"?>
<!-- Generated by org.testng.reporters.JUnitReportReporter -->
<testsuite hostname="LPWLL14067" failures="0" tests="1" name="TestClass" time="0.010" errors="0" timestamp="2022-07-26T19:19:44 BDT" skipped="0">
  <testcase classname="TestClass" name="foo" time="0.010"/>
  <system-out/>
</testsuite> <!-- TestClass -->
